Removed Pin From Net: NetName=GND Pin=C4-1
Removed Pin From Net: NetName=3.3V Pin=C4-2
Removed Pin From Net: NetName=GND Pin=R2-1
Removed Pin From Net: NetName=NetR2_2 Pin=R2-2
Removed Pin From Net: NetName=SDA Pin=R3-1
Removed Pin From Net: NetName=3.3V Pin=R3-2
Removed Pin From Net: NetName=SCL Pin=R4-1
Removed Pin From Net: NetName=3.3V Pin=R4-2
Removed Pin From Net: NetName=3.3V Pin=R5-1
Removed Pin From Net: NetName=RESET Pin=R5-2
Removed Pin From Net: NetName=NetR6_1 Pin=R6-1
Removed Pin From Net: NetName=3.3V Pin=R6-2
Removed Pin From Net: NetName=3.3V Pin=R7-1
Removed Pin From Net: NetName=SWCLK Pin=R7-2
Change Component Footprint: Designator=C1 Old Footprint=_0603 New Footprint=_0402
Change Component Footprint: Designator=C2 Old Footprint=_0603 New Footprint=_0402
Change Component Footprint: Designator=C3 Old Footprint=_0603 New Footprint=_0402
Change Component Footprint: Designator=R1 Old Footprint=_0603 New Footprint=_0402
Added Component: Designator=C4(_0402)
Added Component: Designator=R2(_0402)
Added Component: Designator=R3(_0402)
Added Component: Designator=R4(_0402)
Added Component: Designator=R5(_0402)
Added Component: Designator=R6(_0402)
Added Component: Designator=R7(_0402)
Added Pin To Net: NetName=GND Pin=C4-1
Added Pin To Net: NetName=3.3V Pin=C4-2
Added Pin To Net: NetName=GND Pin=R2-1
Added Pin To Net: NetName=NetR2_2 Pin=R2-2
Added Pin To Net: NetName=SDA Pin=R3-1
Added Pin To Net: NetName=3.3V Pin=R3-2
Added Pin To Net: NetName=SCL Pin=R4-1
Added Pin To Net: NetName=3.3V Pin=R4-2
Added Pin To Net: NetName=3.3V Pin=R5-1
Added Pin To Net: NetName=RESET Pin=R5-2
Added Pin To Net: NetName=NetR6_1 Pin=R6-1
Added Pin To Net: NetName=3.3V Pin=R6-2
Added Pin To Net: NetName=SWCLK Pin=R7-1
Added Pin To Net: NetName=3.3V Pin=R7-2
