Change Physical Footprint: Designator=C1 Old Footprint=_0402 New Footprint=_0402
Change Physical Footprint: Designator=C2 Old Footprint=_0402 New Footprint=_0402
Change Physical Footprint: Designator=C3 Old Footprint=_0402 New Footprint=_0402
Change Physical Footprint: Designator=C4 Old Footprint=_0402 New Footprint=_0402
Change Physical Footprint: Designator=C5 Old Footprint=_0603 New Footprint=_0603
Change Physical Footprint: Designator=C6 Old Footprint=_0603 New Footprint=_0603
Change Physical Footprint: Designator=PRGR Old Footprint=HDR2X5 New Footprint=HDR2X5
Change Physical Footprint: Designator=R1 Old Footprint=_0402 New Footprint=_0402
Change Physical Footprint: Designator=R2 Old Footprint=_0402 New Footprint=_0402
Change Physical Footprint: Designator=R3 Old Footprint=_0402 New Footprint=_0402
Change Physical Footprint: Designator=R4 Old Footprint=_0402 New Footprint=_0402
Change Physical Footprint: Designator=R5 Old Footprint=_0402 New Footprint=_0402
Change Physical Footprint: Designator=R6 Old Footprint=_0402 New Footprint=_0402
Change Physical Footprint: Designator=R7 Old Footprint=_0402 New Footprint=_0402
Change Physical Footprint: Designator=R8 Old Footprint=_0402 New Footprint=_0402
Change Physical Footprint: Designator=R9 Old Footprint=_0402 New Footprint=_0402
Change Physical Footprint: Designator=U1 Old Footprint=_QFP48 New Footprint=_QFP48
Change Physical Footprint: Designator=U2 Old Footprint=BNO055 New Footprint=BNO055
Change Physical Footprint: Designator=U3 Old Footprint=BMP280 New Footprint=BMP280
Change Physical Footprint: Designator=U4 Old Footprint=SOT23-5 New Footprint=SOT23-5
Change Physical Footprint: Designator=USB1 Old Footprint=USB Micro B Connector New Footprint=USB Micro B Connector
