Added Component: Designator=C1(_0603)
Added Component: Designator=C2(_0603)
Added Component: Designator=C3(_0603)
Added Component: Designator=C4(_0603)
Added Component: Designator=PRGR(HDR2X5)
Added Component: Designator=R1(_0603)
Added Component: Designator=R2(_0603)
Added Component: Designator=R3(_0603)
Added Component: Designator=R4(_0603)
Added Component: Designator=R5(_0603)
Added Component: Designator=R6(_0603)
Added Component: Designator=R7(_0603)
Added Component: Designator=U1(_QFP48)
Added Component: Designator=U3(BMP280)
Added Pin To Net: NetName=3.3V Pin=C1-2
Added Pin To Net: NetName=3.3V Pin=C3-2
Added Pin To Net: NetName=3.3V Pin=C4-2
Added Pin To Net: NetName=3.3V Pin=PRGR-1
Added Pin To Net: NetName=3.3V Pin=R3-2
Added Pin To Net: NetName=3.3V Pin=R4-2
Added Pin To Net: NetName=3.3V Pin=R5-1
Added Pin To Net: NetName=3.3V Pin=R6-2
Added Pin To Net: NetName=3.3V Pin=R7-1
Added Pin To Net: NetName=3.3V Pin=U1-6
Added Pin To Net: NetName=3.3V Pin=U1-17
Added Pin To Net: NetName=3.3V Pin=U1-36
Added Pin To Net: NetName=3.3V Pin=U1-43
Added Pin To Net: NetName=3.3V Pin=U1-44
Added Pin To Net: NetName=3.3V Pin=U3-2
Added Pin To Net: NetName=3.3V Pin=U3-5
Added Pin To Net: NetName=3.3V Pin=U3-6
Added Pin To Net: NetName=3.3V Pin=U3-8
Added Net: Name=3.3V
Added Net: Name=BNO055 INT
Added Pin To Net: NetName=GND Pin=C1-1
Added Pin To Net: NetName=GND Pin=C2-1
Added Pin To Net: NetName=GND Pin=C3-1
Added Pin To Net: NetName=GND Pin=C4-1
Added Pin To Net: NetName=GND Pin=PRGR-3
Added Pin To Net: NetName=GND Pin=PRGR-5
Added Pin To Net: NetName=GND Pin=PRGR-9
Added Pin To Net: NetName=GND Pin=R1-1
Added Pin To Net: NetName=GND Pin=R2-1
Added Pin To Net: NetName=GND Pin=U1-5
Added Pin To Net: NetName=GND Pin=U1-18
Added Pin To Net: NetName=GND Pin=U1-35
Added Pin To Net: NetName=GND Pin=U1-42
Added Pin To Net: NetName=GND Pin=U3-1
Added Pin To Net: NetName=GND Pin=U3-7
Added Net: Name=GND
Added Pin To Net: NetName=NetC2_2 Pin=C2-2
Added Net: Name=NetC2_2
Added Pin To Net: NetName=NetR1_2 Pin=R1-2
Added Net: Name=NetR1_2
Added Pin To Net: NetName=NetR2_2 Pin=R2-2
Added Net: Name=NetR2_2
Added Pin To Net: NetName=NetR6_1 Pin=R6-1
Added Net: Name=NetR6_1
Added Pin To Net: NetName=RESET Pin=PRGR-10
Added Pin To Net: NetName=RESET Pin=R5-2
Added Pin To Net: NetName=RESET Pin=U1-40
Added Net: Name=RESET
Added Pin To Net: NetName=SCL Pin=R4-1
Added Pin To Net: NetName=SCL Pin=U1-22
Added Pin To Net: NetName=SCL Pin=U3-4
Added Net: Name=SCL
Added Pin To Net: NetName=SDA Pin=R3-1
Added Pin To Net: NetName=SDA Pin=U1-21
Added Pin To Net: NetName=SDA Pin=U3-3
Added Net: Name=SDA
Added Pin To Net: NetName=SWCLK Pin=PRGR-4
Added Pin To Net: NetName=SWCLK Pin=R7-2
Added Pin To Net: NetName=SWCLK Pin=U1-45
Added Net: Name=SWCLK
Added Pin To Net: NetName=SWDIO Pin=PRGR-2
Added Pin To Net: NetName=SWDIO Pin=U1-46
Added Net: Name=SWDIO
Added Pin To Net: NetName=SWO Pin=PRGR-6
Added Net: Name=SWO
Added Pin To Net: NetName=VDDCORE Pin=U1-41
Added Net: Name=VDDCORE
Added Class: Name=Smart Watch Schematic
Added Room: Name=Smart Watch Schematic
